{"/Users/soon/__rtwl__/repositories/rtfc-utils/src/lib/enums.ts": {"path":"/Users/soon/__rtwl__/repositories/rtfc-utils/src/lib/enums.ts","all":false,"statementMap":{"0":{"start":{"line":1,"column":0},"end":{"line":1,"column":3}},"1":{"start":{"line":2,"column":0},"end":{"line":2,"column":7}},"2":{"start":{"line":3,"column":0},"end":{"line":3,"column":3}},"3":{"start":{"line":4,"column":0},"end":{"line":4,"column":0}},"4":{"start":{"line":5,"column":0},"end":{"line":5,"column":3}},"5":{"start":{"line":6,"column":0},"end":{"line":6,"column":16}},"6":{"start":{"line":7,"column":0},"end":{"line":7,"column":3}},"7":{"start":{"line":8,"column":0},"end":{"line":8,"column":104}},"8":{"start":{"line":9,"column":0},"end":{"line":9,"column":78}},"9":{"start":{"line":10,"column":0},"end":{"line":10,"column":3}},"10":{"start":{"line":11,"column":0},"end":{"line":11,"column":55}},"11":{"start":{"line":12,"column":0},"end":{"line":12,"column":7}},"12":{"start":{"line":13,"column":0},"end":{"line":13,"column":20}},"13":{"start":{"line":14,"column":0},"end":{"line":14,"column":21}},"14":{"start":{"line":15,"column":0},"end":{"line":15,"column":19}},"15":{"start":{"line":16,"column":0},"end":{"line":16,"column":21}},"16":{"start":{"line":17,"column":0},"end":{"line":17,"column":23}},"17":{"start":{"line":18,"column":0},"end":{"line":18,"column":21}},"18":{"start":{"line":19,"column":0},"end":{"line":19,"column":19}},"19":{"start":{"line":20,"column":0},"end":{"line":20,"column":21}},"20":{"start":{"line":21,"column":0},"end":{"line":21,"column":19}},"21":{"start":{"line":22,"column":0},"end":{"line":22,"column":8}},"22":{"start":{"line":23,"column":0},"end":{"line":23,"column":19}},"23":{"start":{"line":24,"column":0},"end":{"line":24,"column":21}},"24":{"start":{"line":25,"column":0},"end":{"line":25,"column":21}},"25":{"start":{"line":26,"column":0},"end":{"line":26,"column":25}},"26":{"start":{"line":27,"column":0},"end":{"line":27,"column":20}},"27":{"start":{"line":28,"column":0},"end":{"line":28,"column":19}},"28":{"start":{"line":29,"column":0},"end":{"line":29,"column":21}},"29":{"start":{"line":30,"column":0},"end":{"line":30,"column":7}},"30":{"start":{"line":31,"column":0},"end":{"line":31,"column":25}},"31":{"start":{"line":32,"column":0},"end":{"line":32,"column":39}},"32":{"start":{"line":33,"column":0},"end":{"line":33,"column":84}},"33":{"start":{"line":34,"column":0},"end":{"line":34,"column":34}},"34":{"start":{"line":35,"column":0},"end":{"line":35,"column":76}},"35":{"start":{"line":36,"column":0},"end":{"line":36,"column":28}},"36":{"start":{"line":37,"column":0},"end":{"line":37,"column":82}},"37":{"start":{"line":38,"column":0},"end":{"line":38,"column":31}},"38":{"start":{"line":39,"column":0},"end":{"line":39,"column":25}},"39":{"start":{"line":40,"column":0},"end":{"line":40,"column":38}},"40":{"start":{"line":41,"column":0},"end":{"line":41,"column":29}},"41":{"start":{"line":42,"column":0},"end":{"line":42,"column":27}},"42":{"start":{"line":43,"column":0},"end":{"line":43,"column":39}},"43":{"start":{"line":44,"column":0},"end":{"line":44,"column":27}},"44":{"start":{"line":45,"column":0},"end":{"line":45,"column":7}},"45":{"start":{"line":46,"column":0},"end":{"line":46,"column":20}},"46":{"start":{"line":47,"column":0},"end":{"line":47,"column":18}},"47":{"start":{"line":48,"column":0},"end":{"line":48,"column":19}},"48":{"start":{"line":49,"column":0},"end":{"line":49,"column":20}},"49":{"start":{"line":50,"column":0},"end":{"line":50,"column":24}},"50":{"start":{"line":51,"column":0},"end":{"line":51,"column":25}},"51":{"start":{"line":52,"column":0},"end":{"line":52,"column":18}},"52":{"start":{"line":53,"column":0},"end":{"line":53,"column":18}},"53":{"start":{"line":54,"column":0},"end":{"line":54,"column":23}},"54":{"start":{"line":55,"column":0},"end":{"line":55,"column":2}}},"s":{"0":1,"1":1,"2":1,"3":1,"4":1,"5":1,"6":1,"7":1,"8":1,"9":1,"10":1,"11":1,"12":1,"13":1,"14":1,"15":1,"16":1,"17":1,"18":1,"19":1,"20":1,"21":1,"22":1,"23":1,"24":1,"25":1,"26":1,"27":1,"28":1,"29":1,"30":1,"31":1,"32":1,"33":1,"34":1,"35":1,"36":1,"37":1,"38":1,"39":1,"40":1,"41":1,"42":1,"43":1,"44":1,"45":1,"46":1,"47":1,"48":1,"49":1,"50":1,"51":1,"52":1,"53":1,"54":5},"branchMap":{"0":{"type":"branch","line":55,"loc":{"start":{"line":55,"column":0},"end":{"line":55,"column":2}},"locations":[{"start":{"line":55,"column":0},"end":{"line":55,"column":2}}]}},"b":{"0":[5]},"fnMap":{"0":{"name":"get","decl":{"start":{"line":55,"column":0},"end":{"line":55,"column":2}},"loc":{"start":{"line":55,"column":0},"end":{"line":55,"column":2}},"line":55}},"f":{"0":5}}
,"/Users/soon/__rtwl__/repositories/rtfc-utils/src/lib/formatter.ts": {"path":"/Users/soon/__rtwl__/repositories/rtfc-utils/src/lib/formatter.ts","all":false,"statementMap":{"0":{"start":{"line":1,"column":0},"end":{"line":1,"column":3}},"1":{"start":{"line":2,"column":0},"end":{"line":2,"column":7}},"2":{"start":{"line":3,"column":0},"end":{"line":3,"column":3}},"3":{"start":{"line":4,"column":0},"end":{"line":4,"column":0}},"4":{"start":{"line":5,"column":0},"end":{"line":5,"column":26}},"5":{"start":{"line":6,"column":0},"end":{"line":6,"column":0}},"6":{"start":{"line":7,"column":0},"end":{"line":7,"column":3}},"7":{"start":{"line":8,"column":0},"end":{"line":8,"column":10}},"8":{"start":{"line":9,"column":0},"end":{"line":9,"column":25}},"9":{"start":{"line":10,"column":0},"end":{"line":10,"column":26}},"10":{"start":{"line":11,"column":0},"end":{"line":11,"column":45}},"11":{"start":{"line":12,"column":0},"end":{"line":12,"column":3}},"12":{"start":{"line":13,"column":0},"end":{"line":13,"column":87}},"13":{"start":{"line":14,"column":0},"end":{"line":14,"column":3}},"14":{"start":{"line":15,"column":0},"end":{"line":15,"column":33}},"15":{"start":{"line":16,"column":0},"end":{"line":16,"column":22}},"16":{"start":{"line":17,"column":0},"end":{"line":17,"column":33}},"17":{"start":{"line":18,"column":0},"end":{"line":18,"column":4}},"18":{"start":{"line":19,"column":0},"end":{"line":19,"column":29}},"19":{"start":{"line":20,"column":0},"end":{"line":20,"column":17}},"20":{"start":{"line":21,"column":0},"end":{"line":21,"column":4}},"21":{"start":{"line":22,"column":0},"end":{"line":22,"column":40}},"22":{"start":{"line":23,"column":0},"end":{"line":23,"column":1}},"23":{"start":{"line":24,"column":0},"end":{"line":24,"column":0}},"24":{"start":{"line":25,"column":0},"end":{"line":25,"column":3}},"25":{"start":{"line":26,"column":0},"end":{"line":26,"column":11}},"26":{"start":{"line":27,"column":0},"end":{"line":27,"column":3}},"27":{"start":{"line":28,"column":0},"end":{"line":28,"column":89}},"28":{"start":{"line":29,"column":0},"end":{"line":29,"column":3}},"29":{"start":{"line":30,"column":0},"end":{"line":30,"column":26}},"30":{"start":{"line":31,"column":0},"end":{"line":31,"column":23}},"31":{"start":{"line":32,"column":0},"end":{"line":32,"column":34}},"32":{"start":{"line":33,"column":0},"end":{"line":33,"column":3}},"33":{"start":{"line":34,"column":0},"end":{"line":34,"column":83}},"34":{"start":{"line":35,"column":0},"end":{"line":35,"column":60}},"35":{"start":{"line":36,"column":0},"end":{"line":36,"column":3}},"36":{"start":{"line":37,"column":0},"end":{"line":37,"column":111}},"37":{"start":{"line":38,"column":0},"end":{"line":38,"column":26}},"38":{"start":{"line":39,"column":0},"end":{"line":39,"column":22}},"39":{"start":{"line":40,"column":0},"end":{"line":40,"column":28}},"40":{"start":{"line":41,"column":0},"end":{"line":41,"column":3}},"41":{"start":{"line":42,"column":0},"end":{"line":42,"column":77}},"42":{"start":{"line":43,"column":0},"end":{"line":43,"column":26}},"43":{"start":{"line":44,"column":0},"end":{"line":44,"column":3}},"44":{"start":{"line":45,"column":0},"end":{"line":45,"column":41}},"45":{"start":{"line":46,"column":0},"end":{"line":46,"column":126}},"46":{"start":{"line":47,"column":0},"end":{"line":47,"column":29}},"47":{"start":{"line":48,"column":0},"end":{"line":48,"column":15}},"48":{"start":{"line":49,"column":0},"end":{"line":49,"column":5}},"49":{"start":{"line":50,"column":0},"end":{"line":50,"column":1}}},"s":{"0":1,"1":1,"2":1,"3":1,"4":1,"5":1,"6":1,"7":1,"8":1,"9":1,"10":1,"11":1,"12":1,"13":1,"14":1,"15":6,"16":6,"17":6,"18":6,"19":6,"20":6,"21":6,"22":6,"23":1,"24":1,"25":1,"26":1,"27":1,"28":1,"29":1,"30":1,"31":1,"32":1,"33":1,"34":1,"35":1,"36":1,"37":15,"38":15,"39":1,"40":1,"41":15,"42":2,"43":2,"44":15,"45":12,"46":12,"47":12,"48":12,"49":15},"branchMap":{"0":{"type":"branch","line":15,"loc":{"start":{"line":15,"column":7},"end":{"line":23,"column":1}},"locations":[{"start":{"line":15,"column":7},"end":{"line":23,"column":1}}]},"1":{"type":"branch","line":23,"loc":{"start":{"line":23,"column":0},"end":{"line":23,"column":1}},"locations":[{"start":{"line":23,"column":0},"end":{"line":23,"column":1}}]},"2":{"type":"branch","line":37,"loc":{"start":{"line":37,"column":7},"end":{"line":50,"column":1}},"locations":[{"start":{"line":37,"column":7},"end":{"line":50,"column":1}}]},"3":{"type":"branch","line":39,"loc":{"start":{"line":39,"column":21},"end":{"line":42,"column":6}},"locations":[{"start":{"line":39,"column":21},"end":{"line":42,"column":6}}]},"4":{"type":"branch","line":42,"loc":{"start":{"line":42,"column":2},"end":{"line":42,"column":42}},"locations":[{"start":{"line":42,"column":2},"end":{"line":42,"column":42}}]},"5":{"type":"branch","line":42,"loc":{"start":{"line":42,"column":22},"end":{"line":42,"column":76}},"locations":[{"start":{"line":42,"column":22},"end":{"line":42,"column":76}}]},"6":{"type":"branch","line":42,"loc":{"start":{"line":42,"column":76},"end":{"line":45,"column":9}},"locations":[{"start":{"line":42,"column":76},"end":{"line":45,"column":9}}]},"7":{"type":"branch","line":45,"loc":{"start":{"line":45,"column":2},"end":{"line":50,"column":1}},"locations":[{"start":{"line":45,"column":2},"end":{"line":50,"column":1}}]},"8":{"type":"branch","line":50,"loc":{"start":{"line":50,"column":0},"end":{"line":50,"column":1}},"locations":[{"start":{"line":50,"column":0},"end":{"line":50,"column":1}}]}},"b":{"0":[6],"1":[6],"2":[15],"3":[1],"4":[14],"5":[13],"6":[2],"7":[12],"8":[15]},"fnMap":{"0":{"name":"formatDatetime","decl":{"start":{"line":15,"column":7},"end":{"line":23,"column":1}},"loc":{"start":{"line":15,"column":7},"end":{"line":23,"column":1}},"line":15},"1":{"name":"get","decl":{"start":{"line":23,"column":0},"end":{"line":23,"column":1}},"loc":{"start":{"line":23,"column":0},"end":{"line":23,"column":1}},"line":23},"2":{"name":"formatThousandSeparator","decl":{"start":{"line":37,"column":7},"end":{"line":50,"column":1}},"loc":{"start":{"line":37,"column":7},"end":{"line":50,"column":1}},"line":37},"3":{"name":"get","decl":{"start":{"line":50,"column":0},"end":{"line":50,"column":1}},"loc":{"start":{"line":50,"column":0},"end":{"line":50,"column":1}},"line":50}},"f":{"0":6,"1":6,"2":15,"3":15}}
,"/Users/soon/__rtwl__/repositories/rtfc-utils/src/lib/getter.ts": {"path":"/Users/soon/__rtwl__/repositories/rtfc-utils/src/lib/getter.ts","all":false,"statementMap":{"0":{"start":{"line":1,"column":0},"end":{"line":1,"column":3}},"1":{"start":{"line":2,"column":0},"end":{"line":2,"column":7}},"2":{"start":{"line":3,"column":0},"end":{"line":3,"column":3}},"3":{"start":{"line":4,"column":0},"end":{"line":4,"column":0}},"4":{"start":{"line":5,"column":0},"end":{"line":5,"column":42}},"5":{"start":{"line":6,"column":0},"end":{"line":6,"column":39}},"6":{"start":{"line":7,"column":0},"end":{"line":7,"column":0}},"7":{"start":{"line":8,"column":0},"end":{"line":8,"column":3}},"8":{"start":{"line":9,"column":0},"end":{"line":9,"column":10}},"9":{"start":{"line":10,"column":0},"end":{"line":10,"column":25}},"10":{"start":{"line":11,"column":0},"end":{"line":11,"column":65}},"11":{"start":{"line":12,"column":0},"end":{"line":12,"column":3}},"12":{"start":{"line":13,"column":0},"end":{"line":13,"column":53}},"13":{"start":{"line":14,"column":0},"end":{"line":14,"column":48}},"14":{"start":{"line":15,"column":0},"end":{"line":15,"column":1}},"15":{"start":{"line":16,"column":0},"end":{"line":16,"column":0}},"16":{"start":{"line":17,"column":0},"end":{"line":17,"column":3}},"17":{"start":{"line":18,"column":0},"end":{"line":18,"column":13}},"18":{"start":{"line":19,"column":0},"end":{"line":19,"column":19}},"19":{"start":{"line":20,"column":0},"end":{"line":20,"column":18}},"20":{"start":{"line":21,"column":0},"end":{"line":21,"column":3}},"21":{"start":{"line":22,"column":0},"end":{"line":22,"column":54}},"22":{"start":{"line":23,"column":0},"end":{"line":23,"column":29}},"23":{"start":{"line":24,"column":0},"end":{"line":24,"column":1}}},"s":{"0":1,"1":1,"2":1,"3":1,"4":1,"5":1,"6":1,"7":1,"8":1,"9":1,"10":1,"11":1,"12":1,"13":6,"14":6,"15":1,"16":1,"17":1,"18":1,"19":1,"20":1,"21":1,"22":5,"23":5},"branchMap":{"0":{"type":"branch","line":13,"loc":{"start":{"line":13,"column":7},"end":{"line":15,"column":1}},"locations":[{"start":{"line":13,"column":7},"end":{"line":15,"column":1}}]},"1":{"type":"branch","line":15,"loc":{"start":{"line":15,"column":0},"end":{"line":15,"column":1}},"locations":[{"start":{"line":15,"column":0},"end":{"line":15,"column":1}}]},"2":{"type":"branch","line":22,"loc":{"start":{"line":22,"column":7},"end":{"line":24,"column":1}},"locations":[{"start":{"line":22,"column":7},"end":{"line":24,"column":1}}]},"3":{"type":"branch","line":24,"loc":{"start":{"line":24,"column":0},"end":{"line":24,"column":1}},"locations":[{"start":{"line":24,"column":0},"end":{"line":24,"column":1}}]}},"b":{"0":[6],"1":[6],"2":[5],"3":[5]},"fnMap":{"0":{"name":"getFileExtension","decl":{"start":{"line":13,"column":7},"end":{"line":15,"column":1}},"loc":{"start":{"line":13,"column":7},"end":{"line":15,"column":1}},"line":13},"1":{"name":"get","decl":{"start":{"line":15,"column":0},"end":{"line":15,"column":1}},"loc":{"start":{"line":15,"column":0},"end":{"line":15,"column":1}},"line":15},"2":{"name":"getMimeByFileExtension","decl":{"start":{"line":22,"column":7},"end":{"line":24,"column":1}},"loc":{"start":{"line":22,"column":7},"end":{"line":24,"column":1}},"line":22},"3":{"name":"get","decl":{"start":{"line":24,"column":0},"end":{"line":24,"column":1}},"loc":{"start":{"line":24,"column":0},"end":{"line":24,"column":1}},"line":24}},"f":{"0":6,"1":6,"2":5,"3":5}}
,"/Users/soon/__rtwl__/repositories/rtfc-utils/src/lib/regexp.ts": {"path":"/Users/soon/__rtwl__/repositories/rtfc-utils/src/lib/regexp.ts","all":false,"statementMap":{"0":{"start":{"line":1,"column":0},"end":{"line":1,"column":3}},"1":{"start":{"line":2,"column":0},"end":{"line":2,"column":8}},"2":{"start":{"line":3,"column":0},"end":{"line":3,"column":3}},"3":{"start":{"line":4,"column":0},"end":{"line":4,"column":8}},"4":{"start":{"line":5,"column":0},"end":{"line":5,"column":37}},"5":{"start":{"line":6,"column":0},"end":{"line":6,"column":3}},"6":{"start":{"line":7,"column":0},"end":{"line":7,"column":0}},"7":{"start":{"line":8,"column":0},"end":{"line":8,"column":3}},"8":{"start":{"line":9,"column":0},"end":{"line":9,"column":9}},"9":{"start":{"line":10,"column":0},"end":{"line":10,"column":3}},"10":{"start":{"line":11,"column":0},"end":{"line":11,"column":59}},"11":{"start":{"line":12,"column":0},"end":{"line":12,"column":60}},"12":{"start":{"line":13,"column":0},"end":{"line":13,"column":102}},"13":{"start":{"line":14,"column":0},"end":{"line":14,"column":3}},"14":{"start":{"line":15,"column":0},"end":{"line":15,"column":162}},"15":{"start":{"line":16,"column":0},"end":{"line":16,"column":0}},"16":{"start":{"line":17,"column":0},"end":{"line":17,"column":3}},"17":{"start":{"line":18,"column":0},"end":{"line":18,"column":12}},"18":{"start":{"line":19,"column":0},"end":{"line":19,"column":3}},"19":{"start":{"line":20,"column":0},"end":{"line":20,"column":16}},"20":{"start":{"line":21,"column":0},"end":{"line":21,"column":15}},"21":{"start":{"line":22,"column":0},"end":{"line":22,"column":17}},"22":{"start":{"line":23,"column":0},"end":{"line":23,"column":16}},"23":{"start":{"line":24,"column":0},"end":{"line":24,"column":22}},"24":{"start":{"line":25,"column":0},"end":{"line":25,"column":3}},"25":{"start":{"line":26,"column":0},"end":{"line":26,"column":58}},"26":{"start":{"line":27,"column":0},"end":{"line":27,"column":3}},"27":{"start":{"line":28,"column":0},"end":{"line":28,"column":116}},"28":{"start":{"line":29,"column":0},"end":{"line":29,"column":0}},"29":{"start":{"line":30,"column":0},"end":{"line":30,"column":3}},"30":{"start":{"line":31,"column":0},"end":{"line":31,"column":11}},"31":{"start":{"line":32,"column":0},"end":{"line":32,"column":3}},"32":{"start":{"line":33,"column":0},"end":{"line":33,"column":16}},"33":{"start":{"line":34,"column":0},"end":{"line":34,"column":15}},"34":{"start":{"line":35,"column":0},"end":{"line":35,"column":17}},"35":{"start":{"line":36,"column":0},"end":{"line":36,"column":19}},"36":{"start":{"line":37,"column":0},"end":{"line":37,"column":3}},"37":{"start":{"line":38,"column":0},"end":{"line":38,"column":148}},"38":{"start":{"line":39,"column":0},"end":{"line":39,"column":57}},"39":{"start":{"line":40,"column":0},"end":{"line":40,"column":3}},"40":{"start":{"line":41,"column":0},"end":{"line":41,"column":142}},"41":{"start":{"line":42,"column":0},"end":{"line":42,"column":0}},"42":{"start":{"line":43,"column":0},"end":{"line":43,"column":3}},"43":{"start":{"line":44,"column":0},"end":{"line":44,"column":11}},"44":{"start":{"line":45,"column":0},"end":{"line":45,"column":3}},"45":{"start":{"line":46,"column":0},"end":{"line":46,"column":15}},"46":{"start":{"line":47,"column":0},"end":{"line":47,"column":17}},"47":{"start":{"line":48,"column":0},"end":{"line":48,"column":11}},"48":{"start":{"line":49,"column":0},"end":{"line":49,"column":3}},"49":{"start":{"line":50,"column":0},"end":{"line":50,"column":47}},"50":{"start":{"line":51,"column":0},"end":{"line":51,"column":0}},"51":{"start":{"line":52,"column":0},"end":{"line":52,"column":3}},"52":{"start":{"line":53,"column":0},"end":{"line":53,"column":14}},"53":{"start":{"line":54,"column":0},"end":{"line":54,"column":3}},"54":{"start":{"line":55,"column":0},"end":{"line":55,"column":15}},"55":{"start":{"line":56,"column":0},"end":{"line":56,"column":7}},"56":{"start":{"line":57,"column":0},"end":{"line":57,"column":8}},"57":{"start":{"line":58,"column":0},"end":{"line":58,"column":13}},"58":{"start":{"line":59,"column":0},"end":{"line":59,"column":15}},"59":{"start":{"line":60,"column":0},"end":{"line":60,"column":33}},"60":{"start":{"line":61,"column":0},"end":{"line":61,"column":3}},"61":{"start":{"line":62,"column":0},"end":{"line":62,"column":7}},"62":{"start":{"line":63,"column":0},"end":{"line":63,"column":8}},"63":{"start":{"line":64,"column":0},"end":{"line":64,"column":38}},"64":{"start":{"line":65,"column":0},"end":{"line":65,"column":16}},"65":{"start":{"line":66,"column":0},"end":{"line":66,"column":3}},"66":{"start":{"line":67,"column":0},"end":{"line":67,"column":7}},"67":{"start":{"line":68,"column":0},"end":{"line":68,"column":8}},"68":{"start":{"line":69,"column":0},"end":{"line":69,"column":22}},"69":{"start":{"line":70,"column":0},"end":{"line":70,"column":24}},"70":{"start":{"line":71,"column":0},"end":{"line":71,"column":3}},"71":{"start":{"line":72,"column":0},"end":{"line":72,"column":7}},"72":{"start":{"line":73,"column":0},"end":{"line":73,"column":8}},"73":{"start":{"line":74,"column":0},"end":{"line":74,"column":24}},"74":{"start":{"line":75,"column":0},"end":{"line":75,"column":19}},"75":{"start":{"line":76,"column":0},"end":{"line":76,"column":26}},"76":{"start":{"line":77,"column":0},"end":{"line":77,"column":3}},"77":{"start":{"line":78,"column":0},"end":{"line":78,"column":7}},"78":{"start":{"line":79,"column":0},"end":{"line":79,"column":8}},"79":{"start":{"line":80,"column":0},"end":{"line":80,"column":8}},"80":{"start":{"line":81,"column":0},"end":{"line":81,"column":3}},"81":{"start":{"line":82,"column":0},"end":{"line":82,"column":7}},"82":{"start":{"line":83,"column":0},"end":{"line":83,"column":8}},"83":{"start":{"line":84,"column":0},"end":{"line":84,"column":18}},"84":{"start":{"line":85,"column":0},"end":{"line":85,"column":32}},"85":{"start":{"line":86,"column":0},"end":{"line":86,"column":3}},"86":{"start":{"line":87,"column":0},"end":{"line":87,"column":54}},"87":{"start":{"line":88,"column":0},"end":{"line":88,"column":3}},"88":{"start":{"line":89,"column":0},"end":{"line":89,"column":114}},"89":{"start":{"line":90,"column":0},"end":{"line":90,"column":0}},"90":{"start":{"line":91,"column":0},"end":{"line":91,"column":3}},"91":{"start":{"line":92,"column":0},"end":{"line":92,"column":6}},"92":{"start":{"line":93,"column":0},"end":{"line":93,"column":3}},"93":{"start":{"line":94,"column":0},"end":{"line":94,"column":15}},"94":{"start":{"line":95,"column":0},"end":{"line":95,"column":15}},"95":{"start":{"line":96,"column":0},"end":{"line":96,"column":15}},"96":{"start":{"line":97,"column":0},"end":{"line":97,"column":13}},"97":{"start":{"line":98,"column":0},"end":{"line":98,"column":15}},"98":{"start":{"line":99,"column":0},"end":{"line":99,"column":13}},"99":{"start":{"line":100,"column":0},"end":{"line":100,"column":3}},"100":{"start":{"line":101,"column":0},"end":{"line":101,"column":60}},"101":{"start":{"line":102,"column":0},"end":{"line":102,"column":58}},"102":{"start":{"line":103,"column":0},"end":{"line":103,"column":3}},"103":{"start":{"line":104,"column":0},"end":{"line":104,"column":95}},"104":{"start":{"line":105,"column":0},"end":{"line":105,"column":0}},"105":{"start":{"line":106,"column":0},"end":{"line":106,"column":3}},"106":{"start":{"line":107,"column":0},"end":{"line":107,"column":7}},"107":{"start":{"line":108,"column":0},"end":{"line":108,"column":51}},"108":{"start":{"line":109,"column":0},"end":{"line":109,"column":3}},"109":{"start":{"line":110,"column":0},"end":{"line":110,"column":24}},"110":{"start":{"line":111,"column":0},"end":{"line":111,"column":3}},"111":{"start":{"line":112,"column":0},"end":{"line":112,"column":56}},"112":{"start":{"line":113,"column":0},"end":{"line":113,"column":0}},"113":{"start":{"line":114,"column":0},"end":{"line":114,"column":3}},"114":{"start":{"line":115,"column":0},"end":{"line":115,"column":7}},"115":{"start":{"line":116,"column":0},"end":{"line":116,"column":51}},"116":{"start":{"line":117,"column":0},"end":{"line":117,"column":3}},"117":{"start":{"line":118,"column":0},"end":{"line":118,"column":24}},"118":{"start":{"line":119,"column":0},"end":{"line":119,"column":3}},"119":{"start":{"line":120,"column":0},"end":{"line":120,"column":56}},"120":{"start":{"line":121,"column":0},"end":{"line":121,"column":0}},"121":{"start":{"line":122,"column":0},"end":{"line":122,"column":3}},"122":{"start":{"line":123,"column":0},"end":{"line":123,"column":8}},"123":{"start":{"line":124,"column":0},"end":{"line":124,"column":3}},"124":{"start":{"line":125,"column":0},"end":{"line":125,"column":58}},"125":{"start":{"line":126,"column":0},"end":{"line":126,"column":3}},"126":{"start":{"line":127,"column":0},"end":{"line":127,"column":44}},"127":{"start":{"line":128,"column":0},"end":{"line":128,"column":0}},"128":{"start":{"line":129,"column":0},"end":{"line":129,"column":3}},"129":{"start":{"line":130,"column":0},"end":{"line":130,"column":7}},"130":{"start":{"line":131,"column":0},"end":{"line":131,"column":3}},"131":{"start":{"line":132,"column":0},"end":{"line":132,"column":38}},"132":{"start":{"line":133,"column":0},"end":{"line":133,"column":3}},"133":{"start":{"line":134,"column":0},"end":{"line":134,"column":60}},"134":{"start":{"line":135,"column":0},"end":{"line":135,"column":3}},"135":{"start":{"line":136,"column":0},"end":{"line":136,"column":194}},"136":{"start":{"line":137,"column":0},"end":{"line":137,"column":0}},"137":{"start":{"line":138,"column":0},"end":{"line":138,"column":3}},"138":{"start":{"line":139,"column":0},"end":{"line":139,"column":7}},"139":{"start":{"line":140,"column":0},"end":{"line":140,"column":3}},"140":{"start":{"line":141,"column":0},"end":{"line":141,"column":38}},"141":{"start":{"line":142,"column":0},"end":{"line":142,"column":3}},"142":{"start":{"line":143,"column":0},"end":{"line":143,"column":60}},"143":{"start":{"line":144,"column":0},"end":{"line":144,"column":3}},"144":{"start":{"line":145,"column":0},"end":{"line":145,"column":687}},"145":{"start":{"line":146,"column":0},"end":{"line":146,"column":0}},"146":{"start":{"line":147,"column":0},"end":{"line":147,"column":3}},"147":{"start":{"line":148,"column":0},"end":{"line":148,"column":8}},"148":{"start":{"line":149,"column":0},"end":{"line":149,"column":3}},"149":{"start":{"line":150,"column":0},"end":{"line":150,"column":38}},"150":{"start":{"line":151,"column":0},"end":{"line":151,"column":3}},"151":{"start":{"line":152,"column":0},"end":{"line":152,"column":53}},"152":{"start":{"line":153,"column":0},"end":{"line":153,"column":84}},"153":{"start":{"line":154,"column":0},"end":{"line":154,"column":70}},"154":{"start":{"line":155,"column":0},"end":{"line":155,"column":73}},"155":{"start":{"line":156,"column":0},"end":{"line":156,"column":3}},"156":{"start":{"line":157,"column":0},"end":{"line":157,"column":20}},"157":{"start":{"line":158,"column":0},"end":{"line":158,"column":72}},"158":{"start":{"line":159,"column":0},"end":{"line":159,"column":3}},"159":{"start":{"line":160,"column":0},"end":{"line":160,"column":134}}},"s":{"0":1,"1":1,"2":1,"3":1,"4":1,"5":1,"6":1,"7":1,"8":1,"9":1,"10":1,"11":1,"12":1,"13":1,"14":1,"15":1,"16":1,"17":1,"18":1,"19":1,"20":1,"21":1,"22":1,"23":1,"24":1,"25":1,"26":1,"27":1,"28":1,"29":1,"30":1,"31":1,"32":1,"33":1,"34":1,"35":1,"36":1,"37":1,"38":1,"39":1,"40":1,"41":1,"42":1,"43":1,"44":1,"45":1,"46":1,"47":1,"48":1,"49":1,"50":1,"51":1,"52":1,"53":1,"54":1,"55":1,"56":1,"57":1,"58":1,"59":1,"60":1,"61":1,"62":1,"63":1,"64":1,"65":1,"66":1,"67":1,"68":1,"69":1,"70":1,"71":1,"72":1,"73":1,"74":1,"75":1,"76":1,"77":1,"78":1,"79":1,"80":1,"81":1,"82":1,"83":1,"84":1,"85":1,"86":1,"87":1,"88":1,"89":1,"90":1,"91":1,"92":1,"93":1,"94":1,"95":1,"96":1,"97":1,"98":1,"99":1,"100":1,"101":1,"102":1,"103":1,"104":1,"105":1,"106":1,"107":1,"108":1,"109":1,"110":1,"111":1,"112":1,"113":1,"114":1,"115":1,"116":1,"117":1,"118":1,"119":1,"120":1,"121":1,"122":1,"123":1,"124":1,"125":1,"126":1,"127":1,"128":1,"129":1,"130":1,"131":1,"132":1,"133":1,"134":1,"135":1,"136":1,"137":1,"138":1,"139":1,"140":1,"141":1,"142":1,"143":1,"144":1,"145":1,"146":1,"147":1,"148":1,"149":1,"150":1,"151":1,"152":1,"153":1,"154":1,"155":1,"156":1,"157":1,"158":1,"159":1},"branchMap":{"0":{"type":"branch","line":15,"loc":{"start":{"line":15,"column":27},"end":{"line":15,"column":162}},"locations":[{"start":{"line":15,"column":27},"end":{"line":15,"column":162}}]},"1":{"type":"branch","line":28,"loc":{"start":{"line":28,"column":33},"end":{"line":28,"column":116}},"locations":[{"start":{"line":28,"column":33},"end":{"line":28,"column":116}}]},"2":{"type":"branch","line":41,"loc":{"start":{"line":41,"column":36},"end":{"line":41,"column":142}},"locations":[{"start":{"line":41,"column":36},"end":{"line":41,"column":142}}]},"3":{"type":"branch","line":50,"loc":{"start":{"line":50,"column":28},"end":{"line":50,"column":47}},"locations":[{"start":{"line":50,"column":28},"end":{"line":50,"column":47}}]},"4":{"type":"branch","line":89,"loc":{"start":{"line":89,"column":30},"end":{"line":89,"column":114}},"locations":[{"start":{"line":89,"column":30},"end":{"line":89,"column":114}}]},"5":{"type":"branch","line":104,"loc":{"start":{"line":104,"column":33},"end":{"line":104,"column":95}},"locations":[{"start":{"line":104,"column":33},"end":{"line":104,"column":95}}]},"6":{"type":"branch","line":112,"loc":{"start":{"line":112,"column":31},"end":{"line":112,"column":56}},"locations":[{"start":{"line":112,"column":31},"end":{"line":112,"column":56}}]},"7":{"type":"branch","line":120,"loc":{"start":{"line":120,"column":31},"end":{"line":120,"column":56}},"locations":[{"start":{"line":120,"column":31},"end":{"line":120,"column":56}}]},"8":{"type":"branch","line":127,"loc":{"start":{"line":127,"column":26},"end":{"line":127,"column":44}},"locations":[{"start":{"line":127,"column":26},"end":{"line":127,"column":44}}]},"9":{"type":"branch","line":136,"loc":{"start":{"line":136,"column":23},"end":{"line":136,"column":194}},"locations":[{"start":{"line":136,"column":23},"end":{"line":136,"column":194}}]},"10":{"type":"branch","line":145,"loc":{"start":{"line":145,"column":23},"end":{"line":145,"column":687}},"locations":[{"start":{"line":145,"column":23},"end":{"line":145,"column":687}}]},"11":{"type":"branch","line":160,"loc":{"start":{"line":160,"column":22},"end":{"line":160,"column":134}},"locations":[{"start":{"line":160,"column":22},"end":{"line":160,"column":134}}]}},"b":{"0":[41],"1":[3],"2":[4],"3":[8],"4":[9],"5":[19],"6":[15],"7":[15],"8":[6],"9":[23],"10":[15],"11":[61]},"fnMap":{"0":{"name":"get","decl":{"start":{"line":15,"column":27},"end":{"line":15,"column":162}},"loc":{"start":{"line":15,"column":27},"end":{"line":15,"column":162}},"line":15},"1":{"name":"get","decl":{"start":{"line":28,"column":33},"end":{"line":28,"column":116}},"loc":{"start":{"line":28,"column":33},"end":{"line":28,"column":116}},"line":28},"2":{"name":"get","decl":{"start":{"line":41,"column":36},"end":{"line":41,"column":142}},"loc":{"start":{"line":41,"column":36},"end":{"line":41,"column":142}},"line":41},"3":{"name":"get","decl":{"start":{"line":50,"column":28},"end":{"line":50,"column":47}},"loc":{"start":{"line":50,"column":28},"end":{"line":50,"column":47}},"line":50},"4":{"name":"get","decl":{"start":{"line":89,"column":30},"end":{"line":89,"column":114}},"loc":{"start":{"line":89,"column":30},"end":{"line":89,"column":114}},"line":89},"5":{"name":"get","decl":{"start":{"line":104,"column":33},"end":{"line":104,"column":95}},"loc":{"start":{"line":104,"column":33},"end":{"line":104,"column":95}},"line":104},"6":{"name":"get","decl":{"start":{"line":112,"column":31},"end":{"line":112,"column":56}},"loc":{"start":{"line":112,"column":31},"end":{"line":112,"column":56}},"line":112},"7":{"name":"get","decl":{"start":{"line":120,"column":31},"end":{"line":120,"column":56}},"loc":{"start":{"line":120,"column":31},"end":{"line":120,"column":56}},"line":120},"8":{"name":"get","decl":{"start":{"line":127,"column":26},"end":{"line":127,"column":44}},"loc":{"start":{"line":127,"column":26},"end":{"line":127,"column":44}},"line":127},"9":{"name":"get","decl":{"start":{"line":136,"column":23},"end":{"line":136,"column":194}},"loc":{"start":{"line":136,"column":23},"end":{"line":136,"column":194}},"line":136},"10":{"name":"get","decl":{"start":{"line":145,"column":23},"end":{"line":145,"column":687}},"loc":{"start":{"line":145,"column":23},"end":{"line":145,"column":687}},"line":145},"11":{"name":"get","decl":{"start":{"line":160,"column":22},"end":{"line":160,"column":134}},"loc":{"start":{"line":160,"column":22},"end":{"line":160,"column":134}},"line":160}},"f":{"0":41,"1":3,"2":4,"3":8,"4":9,"5":19,"6":15,"7":15,"8":6,"9":23,"10":15,"11":61}}
,"/Users/soon/__rtwl__/repositories/rtfc-utils/src/lib/validator.ts": {"path":"/Users/soon/__rtwl__/repositories/rtfc-utils/src/lib/validator.ts","all":false,"statementMap":{"0":{"start":{"line":1,"column":0},"end":{"line":1,"column":3}},"1":{"start":{"line":2,"column":0},"end":{"line":2,"column":6}},"2":{"start":{"line":3,"column":0},"end":{"line":3,"column":3}},"3":{"start":{"line":4,"column":0},"end":{"line":4,"column":0}},"4":{"start":{"line":5,"column":0},"end":{"line":5,"column":190}},"5":{"start":{"line":6,"column":0},"end":{"line":6,"column":0}},"6":{"start":{"line":7,"column":0},"end":{"line":7,"column":3}},"7":{"start":{"line":8,"column":0},"end":{"line":8,"column":15}},"8":{"start":{"line":9,"column":0},"end":{"line":9,"column":22}},"9":{"start":{"line":10,"column":0},"end":{"line":10,"column":3}},"10":{"start":{"line":11,"column":0},"end":{"line":11,"column":44}},"11":{"start":{"line":12,"column":0},"end":{"line":12,"column":32}},"12":{"start":{"line":13,"column":0},"end":{"line":13,"column":50}},"13":{"start":{"line":14,"column":0},"end":{"line":14,"column":25}},"14":{"start":{"line":15,"column":0},"end":{"line":15,"column":26}},"15":{"start":{"line":16,"column":0},"end":{"line":16,"column":24}},"16":{"start":{"line":17,"column":0},"end":{"line":17,"column":110}},"17":{"start":{"line":18,"column":0},"end":{"line":18,"column":100}},"18":{"start":{"line":19,"column":0},"end":{"line":19,"column":0}},"19":{"start":{"line":20,"column":0},"end":{"line":20,"column":33}},"20":{"start":{"line":21,"column":0},"end":{"line":21,"column":1}},"21":{"start":{"line":22,"column":0},"end":{"line":22,"column":0}},"22":{"start":{"line":23,"column":0},"end":{"line":23,"column":3}},"23":{"start":{"line":24,"column":0},"end":{"line":24,"column":13}},"24":{"start":{"line":25,"column":0},"end":{"line":25,"column":26}},"25":{"start":{"line":26,"column":0},"end":{"line":26,"column":3}},"26":{"start":{"line":27,"column":0},"end":{"line":27,"column":56}},"27":{"start":{"line":28,"column":0},"end":{"line":28,"column":61}},"28":{"start":{"line":29,"column":0},"end":{"line":29,"column":17}},"29":{"start":{"line":30,"column":0},"end":{"line":30,"column":3}},"30":{"start":{"line":31,"column":0},"end":{"line":31,"column":11}},"31":{"start":{"line":32,"column":0},"end":{"line":32,"column":33}},"32":{"start":{"line":33,"column":0},"end":{"line":33,"column":47}},"33":{"start":{"line":34,"column":0},"end":{"line":34,"column":3}},"34":{"start":{"line":35,"column":0},"end":{"line":35,"column":10}},"35":{"start":{"line":36,"column":0},"end":{"line":36,"column":48}},"36":{"start":{"line":37,"column":0},"end":{"line":37,"column":1}},"37":{"start":{"line":38,"column":0},"end":{"line":38,"column":0}},"38":{"start":{"line":39,"column":0},"end":{"line":39,"column":3}},"39":{"start":{"line":40,"column":0},"end":{"line":40,"column":13}},"40":{"start":{"line":41,"column":0},"end":{"line":41,"column":21}},"41":{"start":{"line":42,"column":0},"end":{"line":42,"column":3}},"42":{"start":{"line":43,"column":0},"end":{"line":43,"column":55}},"43":{"start":{"line":44,"column":0},"end":{"line":44,"column":35}},"44":{"start":{"line":45,"column":0},"end":{"line":45,"column":1}},"45":{"start":{"line":46,"column":0},"end":{"line":46,"column":0}},"46":{"start":{"line":47,"column":0},"end":{"line":47,"column":3}},"47":{"start":{"line":48,"column":0},"end":{"line":48,"column":14}},"48":{"start":{"line":49,"column":0},"end":{"line":49,"column":24}},"49":{"start":{"line":50,"column":0},"end":{"line":50,"column":3}},"50":{"start":{"line":51,"column":0},"end":{"line":51,"column":50}},"51":{"start":{"line":52,"column":0},"end":{"line":52,"column":39}},"52":{"start":{"line":53,"column":0},"end":{"line":53,"column":1}},"53":{"start":{"line":54,"column":0},"end":{"line":54,"column":0}},"54":{"start":{"line":55,"column":0},"end":{"line":55,"column":3}},"55":{"start":{"line":56,"column":0},"end":{"line":56,"column":11}},"56":{"start":{"line":57,"column":0},"end":{"line":57,"column":21}},"57":{"start":{"line":58,"column":0},"end":{"line":58,"column":3}},"58":{"start":{"line":59,"column":0},"end":{"line":59,"column":56}},"59":{"start":{"line":60,"column":0},"end":{"line":60,"column":42}},"60":{"start":{"line":61,"column":0},"end":{"line":61,"column":1}},"61":{"start":{"line":62,"column":0},"end":{"line":62,"column":0}},"62":{"start":{"line":63,"column":0},"end":{"line":63,"column":3}},"63":{"start":{"line":64,"column":0},"end":{"line":64,"column":20}},"64":{"start":{"line":65,"column":0},"end":{"line":65,"column":28}},"65":{"start":{"line":66,"column":0},"end":{"line":66,"column":3}},"66":{"start":{"line":67,"column":0},"end":{"line":67,"column":60}},"67":{"start":{"line":68,"column":0},"end":{"line":68,"column":44}},"68":{"start":{"line":69,"column":0},"end":{"line":69,"column":1}},"69":{"start":{"line":70,"column":0},"end":{"line":70,"column":0}},"70":{"start":{"line":71,"column":0},"end":{"line":71,"column":3}},"71":{"start":{"line":72,"column":0},"end":{"line":72,"column":20}},"72":{"start":{"line":73,"column":0},"end":{"line":73,"column":28}},"73":{"start":{"line":74,"column":0},"end":{"line":74,"column":3}},"74":{"start":{"line":75,"column":0},"end":{"line":75,"column":60}},"75":{"start":{"line":76,"column":0},"end":{"line":76,"column":44}},"76":{"start":{"line":77,"column":0},"end":{"line":77,"column":1}},"77":{"start":{"line":78,"column":0},"end":{"line":78,"column":0}},"78":{"start":{"line":79,"column":0},"end":{"line":79,"column":3}},"79":{"start":{"line":80,"column":0},"end":{"line":80,"column":13}},"80":{"start":{"line":81,"column":0},"end":{"line":81,"column":28}},"81":{"start":{"line":82,"column":0},"end":{"line":82,"column":24}},"82":{"start":{"line":83,"column":0},"end":{"line":83,"column":3}},"83":{"start":{"line":84,"column":0},"end":{"line":84,"column":78}},"84":{"start":{"line":85,"column":0},"end":{"line":85,"column":72}},"85":{"start":{"line":86,"column":0},"end":{"line":86,"column":32}},"86":{"start":{"line":87,"column":0},"end":{"line":87,"column":1}},"87":{"start":{"line":88,"column":0},"end":{"line":88,"column":0}},"88":{"start":{"line":89,"column":0},"end":{"line":89,"column":3}},"89":{"start":{"line":90,"column":0},"end":{"line":90,"column":14}},"90":{"start":{"line":91,"column":0},"end":{"line":91,"column":27}},"91":{"start":{"line":92,"column":0},"end":{"line":92,"column":3}},"92":{"start":{"line":93,"column":0},"end":{"line":93,"column":47}},"93":{"start":{"line":94,"column":0},"end":{"line":94,"column":33}},"94":{"start":{"line":95,"column":0},"end":{"line":95,"column":1}},"95":{"start":{"line":96,"column":0},"end":{"line":96,"column":0}},"96":{"start":{"line":97,"column":0},"end":{"line":97,"column":3}},"97":{"start":{"line":98,"column":0},"end":{"line":98,"column":14}},"98":{"start":{"line":99,"column":0},"end":{"line":99,"column":27}},"99":{"start":{"line":100,"column":0},"end":{"line":100,"column":3}},"100":{"start":{"line":101,"column":0},"end":{"line":101,"column":47}},"101":{"start":{"line":102,"column":0},"end":{"line":102,"column":33}},"102":{"start":{"line":103,"column":0},"end":{"line":103,"column":1}},"103":{"start":{"line":104,"column":0},"end":{"line":104,"column":0}},"104":{"start":{"line":105,"column":0},"end":{"line":105,"column":3}},"105":{"start":{"line":106,"column":0},"end":{"line":106,"column":13}},"106":{"start":{"line":107,"column":0},"end":{"line":107,"column":22}},"107":{"start":{"line":108,"column":0},"end":{"line":108,"column":3}},"108":{"start":{"line":109,"column":0},"end":{"line":109,"column":40}},"109":{"start":{"line":110,"column":0},"end":{"line":110,"column":26}},"110":{"start":{"line":111,"column":0},"end":{"line":111,"column":1}}},"s":{"0":1,"1":1,"2":1,"3":1,"4":1,"5":1,"6":1,"7":1,"8":1,"9":1,"10":1,"11":41,"12":41,"13":41,"14":41,"15":41,"16":41,"17":41,"18":41,"19":41,"20":41,"21":1,"22":1,"23":1,"24":1,"25":1,"26":1,"27":8,"28":1,"29":1,"30":1,"31":8,"32":3,"33":3,"34":3,"35":8,"36":8,"37":1,"38":1,"39":1,"40":1,"41":1,"42":1,"43":8,"44":8,"45":1,"46":1,"47":1,"48":1,"49":1,"50":1,"51":9,"52":9,"53":1,"54":1,"55":1,"56":1,"57":1,"58":1,"59":19,"60":19,"61":1,"62":1,"63":1,"64":1,"65":1,"66":1,"67":15,"68":15,"69":1,"70":1,"71":1,"72":1,"73":1,"74":1,"75":15,"76":15,"77":1,"78":1,"79":1,"80":1,"81":1,"82":1,"83":1,"84":15,"85":15,"86":15,"87":1,"88":1,"89":1,"90":1,"91":1,"92":1,"93":23,"94":23,"95":1,"96":1,"97":1,"98":1,"99":1,"100":1,"101":15,"102":15,"103":1,"104":1,"105":1,"106":1,"107":1,"108":1,"109":61,"110":61},"branchMap":{"0":{"type":"branch","line":11,"loc":{"start":{"line":11,"column":7},"end":{"line":21,"column":1}},"locations":[{"start":{"line":11,"column":7},"end":{"line":21,"column":1}}]},"1":{"type":"branch","line":21,"loc":{"start":{"line":21,"column":0},"end":{"line":21,"column":1}},"locations":[{"start":{"line":21,"column":0},"end":{"line":21,"column":1}}]},"2":{"type":"branch","line":27,"loc":{"start":{"line":27,"column":7},"end":{"line":37,"column":1}},"locations":[{"start":{"line":27,"column":7},"end":{"line":37,"column":1}}]},"3":{"type":"branch","line":28,"loc":{"start":{"line":28,"column":29},"end":{"line":28,"column":60}},"locations":[{"start":{"line":28,"column":29},"end":{"line":28,"column":60}}]},"4":{"type":"branch","line":28,"loc":{"start":{"line":28,"column":60},"end":{"line":32,"column":6}},"locations":[{"start":{"line":28,"column":60},"end":{"line":32,"column":6}}]},"5":{"type":"branch","line":32,"loc":{"start":{"line":32,"column":2},"end":{"line":32,"column":33}},"locations":[{"start":{"line":32,"column":2},"end":{"line":32,"column":33}}]},"6":{"type":"branch","line":32,"loc":{"start":{"line":32,"column":32},"end":{"line":36,"column":9}},"locations":[{"start":{"line":32,"column":32},"end":{"line":36,"column":9}}]},"7":{"type":"branch","line":36,"loc":{"start":{"line":36,"column":2},"end":{"line":37,"column":1}},"locations":[{"start":{"line":36,"column":2},"end":{"line":37,"column":1}}]},"8":{"type":"branch","line":37,"loc":{"start":{"line":37,"column":0},"end":{"line":37,"column":1}},"locations":[{"start":{"line":37,"column":0},"end":{"line":37,"column":1}}]},"9":{"type":"branch","line":43,"loc":{"start":{"line":43,"column":7},"end":{"line":45,"column":1}},"locations":[{"start":{"line":43,"column":7},"end":{"line":45,"column":1}}]},"10":{"type":"branch","line":45,"loc":{"start":{"line":45,"column":0},"end":{"line":45,"column":1}},"locations":[{"start":{"line":45,"column":0},"end":{"line":45,"column":1}}]},"11":{"type":"branch","line":51,"loc":{"start":{"line":51,"column":7},"end":{"line":53,"column":1}},"locations":[{"start":{"line":51,"column":7},"end":{"line":53,"column":1}}]},"12":{"type":"branch","line":53,"loc":{"start":{"line":53,"column":0},"end":{"line":53,"column":1}},"locations":[{"start":{"line":53,"column":0},"end":{"line":53,"column":1}}]},"13":{"type":"branch","line":59,"loc":{"start":{"line":59,"column":7},"end":{"line":61,"column":1}},"locations":[{"start":{"line":59,"column":7},"end":{"line":61,"column":1}}]},"14":{"type":"branch","line":61,"loc":{"start":{"line":61,"column":0},"end":{"line":61,"column":1}},"locations":[{"start":{"line":61,"column":0},"end":{"line":61,"column":1}}]},"15":{"type":"branch","line":67,"loc":{"start":{"line":67,"column":7},"end":{"line":69,"column":1}},"locations":[{"start":{"line":67,"column":7},"end":{"line":69,"column":1}}]},"16":{"type":"branch","line":69,"loc":{"start":{"line":69,"column":0},"end":{"line":69,"column":1}},"locations":[{"start":{"line":69,"column":0},"end":{"line":69,"column":1}}]},"17":{"type":"branch","line":75,"loc":{"start":{"line":75,"column":7},"end":{"line":77,"column":1}},"locations":[{"start":{"line":75,"column":7},"end":{"line":77,"column":1}}]},"18":{"type":"branch","line":77,"loc":{"start":{"line":77,"column":0},"end":{"line":77,"column":1}},"locations":[{"start":{"line":77,"column":0},"end":{"line":77,"column":1}}]},"19":{"type":"branch","line":84,"loc":{"start":{"line":84,"column":7},"end":{"line":87,"column":1}},"locations":[{"start":{"line":84,"column":7},"end":{"line":87,"column":1}}]},"20":{"type":"branch","line":85,"loc":{"start":{"line":85,"column":14},"end":{"line":85,"column":64}},"locations":[{"start":{"line":85,"column":14},"end":{"line":85,"column":64}}]},"21":{"type":"branch","line":85,"loc":{"start":{"line":85,"column":60},"end":{"line":85,"column":72}},"locations":[{"start":{"line":85,"column":60},"end":{"line":85,"column":72}}]},"22":{"type":"branch","line":87,"loc":{"start":{"line":87,"column":0},"end":{"line":87,"column":1}},"locations":[{"start":{"line":87,"column":0},"end":{"line":87,"column":1}}]},"23":{"type":"branch","line":93,"loc":{"start":{"line":93,"column":7},"end":{"line":95,"column":1}},"locations":[{"start":{"line":93,"column":7},"end":{"line":95,"column":1}}]},"24":{"type":"branch","line":95,"loc":{"start":{"line":95,"column":0},"end":{"line":95,"column":1}},"locations":[{"start":{"line":95,"column":0},"end":{"line":95,"column":1}}]},"25":{"type":"branch","line":101,"loc":{"start":{"line":101,"column":7},"end":{"line":103,"column":1}},"locations":[{"start":{"line":101,"column":7},"end":{"line":103,"column":1}}]},"26":{"type":"branch","line":103,"loc":{"start":{"line":103,"column":0},"end":{"line":103,"column":1}},"locations":[{"start":{"line":103,"column":0},"end":{"line":103,"column":1}}]},"27":{"type":"branch","line":109,"loc":{"start":{"line":109,"column":7},"end":{"line":111,"column":1}},"locations":[{"start":{"line":109,"column":7},"end":{"line":111,"column":1}}]},"28":{"type":"branch","line":111,"loc":{"start":{"line":111,"column":0},"end":{"line":111,"column":1}},"locations":[{"start":{"line":111,"column":0},"end":{"line":111,"column":1}}]}},"b":{"0":[41],"1":[41],"2":[8],"3":[5],"4":[1],"5":[7],"6":[3],"7":[4],"8":[8],"9":[8],"10":[8],"11":[9],"12":[9],"13":[19],"14":[19],"15":[15],"16":[15],"17":[15],"18":[15],"19":[15],"20":[6],"21":[9],"22":[15],"23":[23],"24":[23],"25":[15],"26":[15],"27":[61],"28":[61]},"fnMap":{"0":{"name":"checkEmail","decl":{"start":{"line":11,"column":7},"end":{"line":21,"column":1}},"loc":{"start":{"line":11,"column":7},"end":{"line":21,"column":1}},"line":11},"1":{"name":"get","decl":{"start":{"line":21,"column":0},"end":{"line":21,"column":1}},"loc":{"start":{"line":21,"column":0},"end":{"line":21,"column":1}},"line":21},"2":{"name":"checkNumberPlate","decl":{"start":{"line":27,"column":7},"end":{"line":37,"column":1}},"loc":{"start":{"line":27,"column":7},"end":{"line":37,"column":1}},"line":27},"3":{"name":"get","decl":{"start":{"line":37,"column":0},"end":{"line":37,"column":1}},"loc":{"start":{"line":37,"column":0},"end":{"line":37,"column":1}},"line":37},"4":{"name":"checkMobile","decl":{"start":{"line":43,"column":7},"end":{"line":45,"column":1}},"loc":{"start":{"line":43,"column":7},"end":{"line":45,"column":1}},"line":43},"5":{"name":"get","decl":{"start":{"line":45,"column":0},"end":{"line":45,"column":1}},"loc":{"start":{"line":45,"column":0},"end":{"line":45,"column":1}},"line":45},"6":{"name":"checkIDCardNo","decl":{"start":{"line":51,"column":7},"end":{"line":53,"column":1}},"loc":{"start":{"line":51,"column":7},"end":{"line":53,"column":1}},"line":51},"7":{"name":"get","decl":{"start":{"line":53,"column":0},"end":{"line":53,"column":1}},"loc":{"start":{"line":53,"column":0},"end":{"line":53,"column":1}},"line":53},"8":{"name":"checkStrongPassword","decl":{"start":{"line":59,"column":7},"end":{"line":61,"column":1}},"loc":{"start":{"line":59,"column":7},"end":{"line":61,"column":1}},"line":59},"9":{"name":"get","decl":{"start":{"line":61,"column":0},"end":{"line":61,"column":1}},"loc":{"start":{"line":61,"column":0},"end":{"line":61,"column":1}},"line":61},"10":{"name":"checkPositiveRN2Exp","decl":{"start":{"line":67,"column":7},"end":{"line":69,"column":1}},"loc":{"start":{"line":67,"column":7},"end":{"line":69,"column":1}},"line":67},"11":{"name":"get","decl":{"start":{"line":69,"column":0},"end":{"line":69,"column":1}},"loc":{"start":{"line":69,"column":0},"end":{"line":69,"column":1}},"line":69},"12":{"name":"checkPositiveRN3Exp","decl":{"start":{"line":75,"column":7},"end":{"line":77,"column":1}},"loc":{"start":{"line":75,"column":7},"end":{"line":77,"column":1}},"line":75},"13":{"name":"get","decl":{"start":{"line":77,"column":0},"end":{"line":77,"column":1}},"loc":{"start":{"line":77,"column":0},"end":{"line":77,"column":1}},"line":77},"14":{"name":"checkNumberString","decl":{"start":{"line":84,"column":7},"end":{"line":87,"column":1}},"loc":{"start":{"line":84,"column":7},"end":{"line":87,"column":1}},"line":84},"15":{"name":"get","decl":{"start":{"line":87,"column":0},"end":{"line":87,"column":1}},"loc":{"start":{"line":87,"column":0},"end":{"line":87,"column":1}},"line":87},"16":{"name":"checkIPv4","decl":{"start":{"line":93,"column":7},"end":{"line":95,"column":1}},"loc":{"start":{"line":93,"column":7},"end":{"line":95,"column":1}},"line":93},"17":{"name":"get","decl":{"start":{"line":95,"column":0},"end":{"line":95,"column":1}},"loc":{"start":{"line":95,"column":0},"end":{"line":95,"column":1}},"line":95},"18":{"name":"checkIPv6","decl":{"start":{"line":101,"column":7},"end":{"line":103,"column":1}},"loc":{"start":{"line":101,"column":7},"end":{"line":103,"column":1}},"line":101},"19":{"name":"get","decl":{"start":{"line":103,"column":0},"end":{"line":103,"column":1}},"loc":{"start":{"line":103,"column":0},"end":{"line":103,"column":1}},"line":103},"20":{"name":"checkURL","decl":{"start":{"line":109,"column":7},"end":{"line":111,"column":1}},"loc":{"start":{"line":109,"column":7},"end":{"line":111,"column":1}},"line":109},"21":{"name":"get","decl":{"start":{"line":111,"column":0},"end":{"line":111,"column":1}},"loc":{"start":{"line":111,"column":0},"end":{"line":111,"column":1}},"line":111}},"f":{"0":41,"1":41,"2":8,"3":8,"4":8,"5":8,"6":9,"7":9,"8":19,"9":19,"10":15,"11":15,"12":15,"13":15,"14":15,"15":15,"16":23,"17":23,"18":15,"19":15,"20":61,"21":61}}
}
